Running: E:\360downloads\14.7\ISE_DS\ISE\bin\nt64\unwrapped\fuse.exe -intstyle ise -incremental -lib unisims_ver -lib unimacro_ver -lib xilinxcorelib_ver -lib secureip -o E:/Documents/P5/CPU/tb_isim_beh.exe -prj E:/Documents/P5/CPU/tb_beh.prj work.tb work.glbl 
ISim P.20131013 (signature 0x7708f090)
Number of CPUs detected in this system: 8
Turning on mult-threading, number of parallel sub-compilation jobs: 16 
Determining compilation order of HDL files
Analyzing Verilog file "E:/Documents/P5/CPU/W_reg.v" into library work
Analyzing Verilog file "E:/Documents/P5/CPU/RF.v" into library work
Analyzing Verilog file "E:/Documents/P5/CPU/NPC.v" into library work
Analyzing Verilog file "E:/Documents/P5/CPU/M_reg.v" into library work
Analyzing Verilog file "E:/Documents/P5/CPU/MUX2.v" into library work
Analyzing Verilog file "E:/Documents/P5/CPU/MUX.v" into library work
Analyzing Verilog file "E:/Documents/P5/CPU/IFU.v" into library work
Analyzing Verilog file "E:/Documents/P5/CPU/hazard.v" into library work
Analyzing Verilog file "E:/Documents/P5/CPU/E_reg.v" into library work
Analyzing Verilog file "E:/Documents/P5/CPU/EXT.v" into library work
Analyzing Verilog file "E:/Documents/P5/CPU/D_reg.v" into library work
Analyzing Verilog file "E:/Documents/P5/CPU/DM.v" into library work
Analyzing Verilog file "E:/Documents/P5/CPU/ctrl.v" into library work
Analyzing Verilog file "E:/Documents/P5/CPU/CMP.v" into library work
Analyzing Verilog file "E:/Documents/P5/CPU/ALU.v" into library work
Analyzing Verilog file "E:/Documents/P5/CPU/mips.v" into library work
Analyzing Verilog file "E:/Documents/P5/CPU/tb.v" into library work
Analyzing Verilog file "E:/360downloads/14.7/ISE_DS/ISE//verilog/src/glbl.v" into library work
Starting static elaboration
WARNING:HDLCompiler:1016 - "E:/Documents/P5/CPU/mips.v" Line 221: Port rd is not connected to this instance
WARNING:HDLCompiler:1016 - "E:/Documents/P5/CPU/mips.v" Line 241: Port rd is not connected to this instance
WARNING:HDLCompiler:1016 - "E:/Documents/P5/CPU/mips.v" Line 257: Port rs is not connected to this instance
WARNING:HDLCompiler:1016 - "E:/Documents/P5/CPU/mips.v" Line 269: Port rs is not connected to this instance
Completed static elaboration
Compiling module IFU
Compiling module D_reg
Compiling module RF
Compiling module EXT
Compiling module NPC
Compiling module CMP
Compiling module E_reg
Compiling module ALU
Compiling module M_reg
Compiling module DM
Compiling module W_reg
Compiling module ctrl
Compiling module hazard
Compiling module MUX1
Compiling module MUX2
Compiling module mips
Compiling module tb
Compiling module glbl
Time Resolution for simulation is 1ps.
Waiting for 3 sub-compilation(s) to finish...
WARNING:Simulator - Unable to copy libPortabilityNOSH.dll to the simulation executable directory: boost::filesystem::copy_file: 系统找不到指定的路径。, "isim\tb_isim_beh.exe.sim\libPortability.dll".
Compiled 18 Verilog Units
Built simulation executable E:/Documents/P5/CPU/tb_isim_beh.exe
Fuse Memory Usage: 31064 KB
Fuse CPU Usage: 702 ms
