ISim log file
Running: E:\Documents\P5\CPU\tb_isim_beh.exe -intstyle ise -gui -tclbatch isim.cmd -wdb E:/Documents/P5/CPU/tb_isim_beh.wdb 
ISim P.20131013 (signature 0x7708f090)
----------------------------------------------------------------------
WARNING:Security:42 - Your software subscription period has lapsed. Your current version of Xilinx tools will continue to function, but you no longer qualify for Xilinx software updates or new releases.


----------------------------------------------------------------------
This is a Full version of ISim.
Time resolution is 1 ps
# onerror resume
# wave add /
# run 1000 ns
Simulator is doing circuit initialization process.
Finished circuit initialization process.
@00003000: $ 1 <= 00005678
@00003004: $ 4 <= 12340000
@00003008: $ 1 <= 12345678
@0000300c: $16 <= 12345678
@00003010: $ 5 <= 00000001
@00003014: $ 6 <= 24685678
@00003018: *00000004 <= 24685678
@0000301c: $ 7 <= 00000006
@00003020: $ 8 <= 00000005
@00003024: $ 9 <= 24685678
@00003028: $10 <= 48d0acf0
@0000302c: $23 <= 00000023
@00003034: $ 9 <= 12560000
@00003044: $11 <= 24685678
@00003048: $12 <= 00140000
@0000304c: $13 <= 36be5678
@00003050: $18 <= 36be577f
@00003054: $31 <= 0000305c
@00003058: $11 <= 0000767c
@00003064: $16 <= 0000a6d8
@00003068: $17 <= 00000014
@0000306c: $12 <= 48d1236c
@00003070: *0000000c <= 48d1236c
@00003074: $13 <= 48d1236c
@00003078: $14 <= 0000305c
@0000307c: $31 <= 00003084
@00003080: $ 9 <= 12563084
@0000302c: $23 <= 000030a7
@00003034: $ 9 <= 12560000
@00003038: $10 <= 12561111
@00003084: $31 <= 0000305c
@0000308c: $15 <= 0000305d
@00003060: $17 <= 00000001
@00003098: $11 <= 00000001
@000030a0: $17 <= 00000111
@00003098: $11 <= 00000001
@000030a0: $17 <= 00000111
@000030a4: $31 <= 000030ac
@000030a8: *00000008 <= 12560000
@000030b4: $10 <= 00000000
@000030b8: $11 <= 24685678
@000030c0: *00000004 <= 000030ac
@000030c4: $31 <= 000030ac
