Release 14.7 - xst P.20131013 (nt64)
Copyright (c) 1995-2013 Xilinx, Inc.  All rights reserved.
--> Parameter TMPDIR set to xst/projnav.tmp


Total REAL time to Xst completion: 1.00 secs
Total CPU time to Xst completion: 0.66 secs
 
--> Parameter xsthdpdir set to xst


Total REAL time to Xst completion: 1.00 secs
Total CPU time to Xst completion: 0.69 secs
 
--> Reading design: mips.prj

TABLE OF CONTENTS
  1) Synthesis Options Summary
  2) HDL Parsing
  3) HDL Elaboration
  4) HDL Synthesis
       4.1) HDL Synthesis Report
  5) Advanced HDL Synthesis
       5.1) Advanced HDL Synthesis Report
  6) Low Level Synthesis
  7) Partition Report
  8) Design Summary
       8.1) Primitive and Black Box Usage
       8.2) Device utilization summary
       8.3) Partition Resource Summary
       8.4) Timing Report
            8.4.1) Clock Information
            8.4.2) Asynchronous Control Signals Information
            8.4.3) Timing Summary
            8.4.4) Timing Details
            8.4.5) Cross Clock Domains Report


=========================================================================
*                      Synthesis Options Summary                        *
=========================================================================
---- Source Parameters
Input File Name                    : "mips.prj"
Ignore Synthesis Constraint File   : NO

---- Target Parameters
Output File Name                   : "mips"
Output Format                      : NGC
Target Device                      : xc6slx150-2-fgg484

---- Source Options
Top Module Name                    : mips
Automatic FSM Extraction           : YES
FSM Encoding Algorithm             : Auto
Safe Implementation                : No
FSM Style                          : LUT
RAM Extraction                     : Yes
RAM Style                          : Auto
ROM Extraction                     : Yes
Shift Register Extraction          : YES
ROM Style                          : Auto
Resource Sharing                   : YES
Asynchronous To Synchronous        : NO
Shift Register Minimum Size        : 2
Use DSP Block                      : Auto
Automatic Register Balancing       : No

---- Target Options
LUT Combining                      : Auto
Reduce Control Sets                : Auto
Add IO Buffers                     : YES
Global Maximum Fanout              : 100000
Add Generic Clock Buffer(BUFG)     : 16
Register Duplication               : YES
Optimize Instantiated Primitives   : NO
Use Clock Enable                   : Auto
Use Synchronous Set                : Auto
Use Synchronous Reset              : Auto
Pack IO Registers into IOBs        : Auto
Equivalent register Removal        : YES

---- General Options
Optimization Goal                  : Speed
Optimization Effort                : 1
Power Reduction                    : NO
Keep Hierarchy                     : No
Netlist Hierarchy                  : As_Optimized
RTL Output                         : Yes
Global Optimization                : AllClockNets
Read Cores                         : YES
Write Timing Constraints           : NO
Cross Clock Analysis               : NO
Hierarchy Separator                : /
Bus Delimiter                      : <>
Case Specifier                     : Maintain
Slice Utilization Ratio            : 100
BRAM Utilization Ratio             : 100
DSP48 Utilization Ratio            : 100
Auto BRAM Packing                  : NO
Slice Utilization Ratio Delta      : 5

=========================================================================


=========================================================================
*                          HDL Parsing                                  *
=========================================================================
Analyzing Verilog file "E:\Documents\P5\CPU\W_reg.v" into library work
Parsing module <W_reg>.
Analyzing Verilog file "E:\Documents\P5\CPU\RF.v" into library work
Parsing module <RF>.
Analyzing Verilog file "E:\Documents\P5\CPU\NPC.v" into library work
Parsing module <NPC>.
Analyzing Verilog file "E:\Documents\P5\CPU\M_reg.v" into library work
Parsing module <M_reg>.
Analyzing Verilog file "E:\Documents\P5\CPU\MUX2.v" into library work
Parsing module <MUX2>.
Analyzing Verilog file "E:\Documents\P5\CPU\MUX.v" into library work
Parsing module <MUX1>.
Analyzing Verilog file "E:\Documents\P5\CPU\IFU.v" into library work
Parsing module <IFU>.
Analyzing Verilog file "E:\Documents\P5\CPU\hazard.v" into library work
Parsing module <hazard>.
Analyzing Verilog file "E:\Documents\P5\CPU\E_reg.v" into library work
Parsing module <E_reg>.
Analyzing Verilog file "E:\Documents\P5\CPU\EXT.v" into library work
Parsing module <EXT>.
Analyzing Verilog file "E:\Documents\P5\CPU\D_reg.v" into library work
Parsing module <D_reg>.
Analyzing Verilog file "E:\Documents\P5\CPU\DM.v" into library work
Parsing module <DM>.
Analyzing Verilog file "E:\Documents\P5\CPU\ctrl.v" into library work
Parsing module <ctrl>.
Analyzing Verilog file "E:\Documents\P5\CPU\CMP.v" into library work
Parsing module <CMP>.
Analyzing Verilog file "E:\Documents\P5\CPU\ALU.v" into library work
Parsing module <ALU>.
Analyzing Verilog file "E:\Documents\P5\CPU\mips.v" into library work
Parsing module <mips>.

=========================================================================
*                            HDL Elaboration                            *
=========================================================================
WARNING:HDLCompiler:1016 - "E:\Documents\P5\CPU\mips.v" Line 221: Port rd is not connected to this instance
WARNING:HDLCompiler:1016 - "E:\Documents\P5\CPU\mips.v" Line 241: Port rd is not connected to this instance
WARNING:HDLCompiler:1016 - "E:\Documents\P5\CPU\mips.v" Line 257: Port rs is not connected to this instance
WARNING:HDLCompiler:1016 - "E:\Documents\P5\CPU\mips.v" Line 269: Port rs is not connected to this instance

Elaborating module <mips>.

Elaborating module <IFU>.
Reading initialization file \"code.txt\".
WARNING:HDLCompiler:1670 - "E:\Documents\P5\CPU\IFU.v" Line 36: Signal <im_reg> in initial block is partially initialized.

Elaborating module <D_reg>.

Elaborating module <RF>.
"E:\Documents\P5\CPU\RF.v" Line 56. $display  32'b................................ 5'b..... 32'b................................

Elaborating module <EXT>.

Elaborating module <NPC>.

Elaborating module <CMP>.

Elaborating module <E_reg>.

Elaborating module <ALU>.

Elaborating module <M_reg>.

Elaborating module <DM>.
"E:\Documents\P5\CPU\DM.v" Line 53. $display  32'b................................ 32'b................................ 32'b................................

Elaborating module <W_reg>.

Elaborating module <ctrl>.
WARNING:HDLCompiler:413 - "E:\Documents\P5\CPU\ctrl.v" Line 68: Result of 4-bit expression is truncated to fit in 2-bit target.

Elaborating module <hazard>.
WARNING:HDLCompiler:1127 - "E:\Documents\P5\CPU\hazard.v" Line 79: Assignment to func_M ignored, since the identifier is never used
WARNING:HDLCompiler:1127 - "E:\Documents\P5\CPU\hazard.v" Line 103: Assignment to Tuse_RT2 ignored, since the identifier is never used
WARNING:HDLCompiler:413 - "E:\Documents\P5\CPU\hazard.v" Line 144: Result of 32-bit expression is truncated to fit in 3-bit target.
WARNING:HDLCompiler:413 - "E:\Documents\P5\CPU\hazard.v" Line 149: Result of 32-bit expression is truncated to fit in 3-bit target.
WARNING:HDLCompiler:413 - "E:\Documents\P5\CPU\hazard.v" Line 154: Result of 32-bit expression is truncated to fit in 2-bit target.
WARNING:HDLCompiler:413 - "E:\Documents\P5\CPU\hazard.v" Line 158: Result of 32-bit expression is truncated to fit in 2-bit target.
WARNING:HDLCompiler:413 - "E:\Documents\P5\CPU\hazard.v" Line 162: Result of 32-bit expression is truncated to fit in 1-bit target.

Elaborating module <MUX1>.

Elaborating module <MUX2>.
WARNING:Xst:2972 - "E:\Documents\P5\CPU\mips.v" line 31. All outputs of instance <ifu> of block <IFU> are unconnected in block <mips>. Underlying logic will be removed.
WARNING:Xst:2972 - "E:\Documents\P5\CPU\mips.v" line 46. All outputs of instance <D_reg> of block <D_reg> are unconnected in block <mips>. Underlying logic will be removed.
WARNING:Xst:2972 - "E:\Documents\P5\CPU\mips.v" line 67. All outputs of instance <RF> of block <RF> are unconnected in block <mips>. Underlying logic will be removed.
WARNING:Xst:2972 - "E:\Documents\P5\CPU\mips.v" line 86. All outputs of instance <EXT> of block <EXT> are unconnected in block <mips>. Underlying logic will be removed.
WARNING:Xst:2972 - "E:\Documents\P5\CPU\mips.v" line 98. All outputs of instance <NPC> of block <NPC> are unconnected in block <mips>. Underlying logic will be removed.
WARNING:Xst:2972 - "E:\Documents\P5\CPU\mips.v" line 112. All outputs of instance <CMP> of block <CMP> are unconnected in block <mips>. Underlying logic will be removed.
WARNING:Xst:2972 - "E:\Documents\P5\CPU\mips.v" line 127. All outputs of instance <E_reg> of block <E_reg> are unconnected in block <mips>. Underlying logic will be removed.
WARNING:Xst:2972 - "E:\Documents\P5\CPU\mips.v" line 151. All outputs of instance <ALU> of block <ALU> are unconnected in block <mips>. Underlying logic will be removed.
WARNING:Xst:2972 - "E:\Documents\P5\CPU\mips.v" line 165. All outputs of instance <M_reg> of block <M_reg> are unconnected in block <mips>. Underlying logic will be removed.
WARNING:Xst:2972 - "E:\Documents\P5\CPU\mips.v" line 184. All outputs of instance <DM> of block <DM> are unconnected in block <mips>. Underlying logic will be removed.
WARNING:Xst:2972 - "E:\Documents\P5\CPU\mips.v" line 201. All outputs of instance <W_reg> of block <W_reg> are unconnected in block <mips>. Underlying logic will be removed.
WARNING:Xst:2972 - "E:\Documents\P5\CPU\mips.v" line 221. All outputs of instance <CTRL_D> of block <ctrl> are unconnected in block <mips>. Underlying logic will be removed.
WARNING:Xst:2972 - "E:\Documents\P5\CPU\mips.v" line 241. All outputs of instance <CTRL_E> of block <ctrl> are unconnected in block <mips>. Underlying logic will be removed.
WARNING:Xst:2972 - "E:\Documents\P5\CPU\mips.v" line 257. All outputs of instance <CTRL_M> of block <ctrl> are unconnected in block <mips>. Underlying logic will be removed.
WARNING:Xst:2972 - "E:\Documents\P5\CPU\mips.v" line 269. All outputs of instance <CTRL_W> of block <ctrl> are unconnected in block <mips>. Underlying logic will be removed.
WARNING:Xst:2972 - "E:\Documents\P5\CPU\mips.v" line 284. All outputs of instance <Hazard> of block <hazard> are unconnected in block <mips>. Underlying logic will be removed.
WARNING:Xst:2972 - "E:\Documents\P5\CPU\mips.v" line 311. All outputs of instance <MUX1> of block <MUX1> are unconnected in block <mips>. Underlying logic will be removed.
WARNING:Xst:2972 - "E:\Documents\P5\CPU\mips.v" line 337. All outputs of instance <MUX2> of block <MUX2> are unconnected in block <mips>. Underlying logic will be removed.

=========================================================================
*                           HDL Synthesis                               *
=========================================================================

Synthesizing Unit <mips>.
    Related source file is "E:\Documents\P5\CPU\mips.v".
INFO:Xst:3210 - "E:\Documents\P5\CPU\mips.v" line 221: Output port <rd> of the instance <CTRL_D> is unconnected or connected to loadless signal.
INFO:Xst:3210 - "E:\Documents\P5\CPU\mips.v" line 221: Output port <RegDst> of the instance <CTRL_D> is unconnected or connected to loadless signal.
INFO:Xst:3210 - "E:\Documents\P5\CPU\mips.v" line 221: Output port <MemtoReg> of the instance <CTRL_D> is unconnected or connected to loadless signal.
INFO:Xst:3210 - "E:\Documents\P5\CPU\mips.v" line 221: Output port <ALUctr> of the instance <CTRL_D> is unconnected or connected to loadless signal.
INFO:Xst:3210 - "E:\Documents\P5\CPU\mips.v" line 221: Output port <A3> of the instance <CTRL_D> is unconnected or connected to loadless signal.
INFO:Xst:3210 - "E:\Documents\P5\CPU\mips.v" line 221: Output port <ALUSrc> of the instance <CTRL_D> is unconnected or connected to loadless signal.
INFO:Xst:3210 - "E:\Documents\P5\CPU\mips.v" line 221: Output port <RegWrite> of the instance <CTRL_D> is unconnected or connected to loadless signal.
INFO:Xst:3210 - "E:\Documents\P5\CPU\mips.v" line 221: Output port <MemWrite> of the instance <CTRL_D> is unconnected or connected to loadless signal.
INFO:Xst:3210 - "E:\Documents\P5\CPU\mips.v" line 241: Output port <rd> of the instance <CTRL_E> is unconnected or connected to loadless signal.
INFO:Xst:3210 - "E:\Documents\P5\CPU\mips.v" line 241: Output port <imm16> of the instance <CTRL_E> is unconnected or connected to loadless signal.
INFO:Xst:3210 - "E:\Documents\P5\CPU\mips.v" line 241: Output port <imm26> of the instance <CTRL_E> is unconnected or connected to loadless signal.
INFO:Xst:3210 - "E:\Documents\P5\CPU\mips.v" line 241: Output port <RegDst> of the instance <CTRL_E> is unconnected or connected to loadless signal.
INFO:Xst:3210 - "E:\Documents\P5\CPU\mips.v" line 241: Output port <MemtoReg> of the instance <CTRL_E> is unconnected or connected to loadless signal.
INFO:Xst:3210 - "E:\Documents\P5\CPU\mips.v" line 241: Output port <ExtOp> of the instance <CTRL_E> is unconnected or connected to loadless signal.
INFO:Xst:3210 - "E:\Documents\P5\CPU\mips.v" line 241: Output port <MemWrite> of the instance <CTRL_E> is unconnected or connected to loadless signal.
INFO:Xst:3210 - "E:\Documents\P5\CPU\mips.v" line 241: Output port <beq> of the instance <CTRL_E> is unconnected or connected to loadless signal.
INFO:Xst:3210 - "E:\Documents\P5\CPU\mips.v" line 241: Output port <j_instr> of the instance <CTRL_E> is unconnected or connected to loadless signal.
INFO:Xst:3210 - "E:\Documents\P5\CPU\mips.v" line 241: Output port <jr> of the instance <CTRL_E> is unconnected or connected to loadless signal.
INFO:Xst:3210 - "E:\Documents\P5\CPU\mips.v" line 257: Output port <rs> of the instance <CTRL_M> is unconnected or connected to loadless signal.
INFO:Xst:3210 - "E:\Documents\P5\CPU\mips.v" line 257: Output port <rd> of the instance <CTRL_M> is unconnected or connected to loadless signal.
INFO:Xst:3210 - "E:\Documents\P5\CPU\mips.v" line 257: Output port <imm16> of the instance <CTRL_M> is unconnected or connected to loadless signal.
INFO:Xst:3210 - "E:\Documents\P5\CPU\mips.v" line 257: Output port <imm26> of the instance <CTRL_M> is unconnected or connected to loadless signal.
INFO:Xst:3210 - "E:\Documents\P5\CPU\mips.v" line 257: Output port <RegDst> of the instance <CTRL_M> is unconnected or connected to loadless signal.
INFO:Xst:3210 - "E:\Documents\P5\CPU\mips.v" line 257: Output port <MemtoReg> of the instance <CTRL_M> is unconnected or connected to loadless signal.
INFO:Xst:3210 - "E:\Documents\P5\CPU\mips.v" line 257: Output port <ExtOp> of the instance <CTRL_M> is unconnected or connected to loadless signal.
INFO:Xst:3210 - "E:\Documents\P5\CPU\mips.v" line 257: Output port <ALUctr> of the instance <CTRL_M> is unconnected or connected to loadless signal.
INFO:Xst:3210 - "E:\Documents\P5\CPU\mips.v" line 257: Output port <ALUSrc> of the instance <CTRL_M> is unconnected or connected to loadless signal.
INFO:Xst:3210 - "E:\Documents\P5\CPU\mips.v" line 257: Output port <beq> of the instance <CTRL_M> is unconnected or connected to loadless signal.
INFO:Xst:3210 - "E:\Documents\P5\CPU\mips.v" line 257: Output port <j_instr> of the instance <CTRL_M> is unconnected or connected to loadless signal.
INFO:Xst:3210 - "E:\Documents\P5\CPU\mips.v" line 257: Output port <jr> of the instance <CTRL_M> is unconnected or connected to loadless signal.
INFO:Xst:3210 - "E:\Documents\P5\CPU\mips.v" line 269: Output port <rs> of the instance <CTRL_W> is unconnected or connected to loadless signal.
INFO:Xst:3210 - "E:\Documents\P5\CPU\mips.v" line 269: Output port <rt> of the instance <CTRL_W> is unconnected or connected to loadless signal.
INFO:Xst:3210 - "E:\Documents\P5\CPU\mips.v" line 269: Output port <rd> of the instance <CTRL_W> is unconnected or connected to loadless signal.
INFO:Xst:3210 - "E:\Documents\P5\CPU\mips.v" line 269: Output port <imm16> of the instance <CTRL_W> is unconnected or connected to loadless signal.
INFO:Xst:3210 - "E:\Documents\P5\CPU\mips.v" line 269: Output port <imm26> of the instance <CTRL_W> is unconnected or connected to loadless signal.
INFO:Xst:3210 - "E:\Documents\P5\CPU\mips.v" line 269: Output port <RegDst> of the instance <CTRL_W> is unconnected or connected to loadless signal.
INFO:Xst:3210 - "E:\Documents\P5\CPU\mips.v" line 269: Output port <ExtOp> of the instance <CTRL_W> is unconnected or connected to loadless signal.
INFO:Xst:3210 - "E:\Documents\P5\CPU\mips.v" line 269: Output port <ALUctr> of the instance <CTRL_W> is unconnected or connected to loadless signal.
INFO:Xst:3210 - "E:\Documents\P5\CPU\mips.v" line 269: Output port <ALUSrc> of the instance <CTRL_W> is unconnected or connected to loadless signal.
INFO:Xst:3210 - "E:\Documents\P5\CPU\mips.v" line 269: Output port <MemWrite> of the instance <CTRL_W> is unconnected or connected to loadless signal.
INFO:Xst:3210 - "E:\Documents\P5\CPU\mips.v" line 269: Output port <beq> of the instance <CTRL_W> is unconnected or connected to loadless signal.
INFO:Xst:3210 - "E:\Documents\P5\CPU\mips.v" line 269: Output port <j_instr> of the instance <CTRL_W> is unconnected or connected to loadless signal.
INFO:Xst:3210 - "E:\Documents\P5\CPU\mips.v" line 269: Output port <jr> of the instance <CTRL_W> is unconnected or connected to loadless signal.
    Summary:
	no macro.
Unit <mips> synthesized.

=========================================================================
HDL Synthesis Report

Found no macro
=========================================================================

=========================================================================
*                       Advanced HDL Synthesis                          *
=========================================================================


=========================================================================
Advanced HDL Synthesis Report

Found no macro
=========================================================================

=========================================================================
*                         Low Level Synthesis                           *
=========================================================================

Optimizing unit <mips> ...

Mapping all equations...
Building and optimizing final netlist ...
Found area constraint ratio of 100 (+ 5) on block mips, actual ratio is 0.

Final Macro Processing ...

=========================================================================
Final Register Report

Found no macro
=========================================================================

=========================================================================
*                           Partition Report                            *
=========================================================================

Partition Implementation Status
-------------------------------

  No Partitions were found in this design.

-------------------------------

=========================================================================
*                            Design Summary                             *
=========================================================================

Top Level Output File Name         : mips.ngc

Primitive and Black Box Usage:
------------------------------

Device utilization summary:
---------------------------

Selected Device : 6slx150fgg484-2 


Slice Logic Utilization: 

Slice Logic Distribution: 
 Number of LUT Flip Flop pairs used:      0
   Number with an unused Flip Flop:       0  out of      0         
   Number with an unused LUT:             0  out of      0         
   Number of fully used LUT-FF pairs:     0  out of      0         
   Number of unique control sets:         0

IO Utilization: 
 Number of IOs:                           2
 Number of bonded IOBs:                   0  out of    338     0%  

Specific Feature Utilization:

---------------------------
Partition Resource Summary:
---------------------------

  No Partitions were found in this design.

---------------------------


=========================================================================
Timing Report

NOTE: THESE TIMING NUMBERS ARE ONLY A SYNTHESIS ESTIMATE.
      FOR ACCURATE TIMING INFORMATION PLEASE REFER TO THE TRACE REPORT
      GENERATED AFTER PLACE-and-ROUTE.

Clock Information:
------------------
No clock signals found in this design

Asynchronous Control Signals Information:
----------------------------------------
No asynchronous control signals found in this design

Timing Summary:
---------------
Speed Grade: -2

   Minimum period: No path found
   Minimum input arrival time before clock: No path found
   Maximum output required time after clock: No path found
   Maximum combinational path delay: No path found

Timing Details:
---------------
All values displayed in nanoseconds (ns)

=========================================================================

Cross Clock Domains Report:
--------------------------

=========================================================================


Total REAL time to Xst completion: 19.00 secs
Total CPU time to Xst completion: 19.32 secs
 
--> 

Total memory usage is 4881532 kilobytes

Number of errors   :    0 (   0 filtered)
Number of warnings :   31 (   0 filtered)
Number of infos    :   43 (   0 filtered)

