Running: E:\360downloads\14.7\ISE_DS\ISE\bin\nt64\unwrapped\fuse.exe -intstyle ise -incremental -lib unisims_ver -lib unimacro_ver -lib xilinxcorelib_ver -lib secureip -o E:/Documents/P4/p4/mips_tb_isim_beh.exe -prj E:/Documents/P4/p4/mips_tb_beh.prj work.mips_tb work.glbl 
ISim P.20131013 (signature 0x7708f090)
Number of CPUs detected in this system: 8
Turning on mult-threading, number of parallel sub-compilation jobs: 16 
Determining compilation order of HDL files
Analyzing Verilog file "E:/Documents/P4/p4/mux.v" into library work
Analyzing Verilog file "E:/Documents/P4/p4/IFU.v" into library work
Analyzing Verilog file "E:/Documents/P4/p4/GRF.v" into library work
Analyzing Verilog file "E:/Documents/P4/p4/EXT.v" into library work
Analyzing Verilog file "E:/Documents/P4/p4/DM.v" into library work
Analyzing Verilog file "E:/Documents/P4/p4/ctrl.v" into library work
Analyzing Verilog file "E:/Documents/P4/p4/ALU.v" into library work
Analyzing Verilog file "E:/Documents/P4/p4/mips.v" into library work
Analyzing Verilog file "E:/Documents/P4/p4/mips_tb.v" into library work
Analyzing Verilog file "E:/360downloads/14.7/ISE_DS/ISE//verilog/src/glbl.v" into library work
Starting static elaboration
Completed static elaboration
Compiling module IFU
Compiling module ctrl
Compiling module GRF
Compiling module ALU
Compiling module DM
Compiling module EXT
Compiling module mux
Compiling module mips
Compiling module mips_tb
Compiling module glbl
Time Resolution for simulation is 1ps.
Waiting for 1 sub-compilation(s) to finish...
WARNING:Simulator - Unable to copy libPortabilityNOSH.dll to the simulation executable directory: boost::filesystem::copy_file: 系统找不到指定的路径。, "isim\mips_tb_isim_beh.exe.sim\libPortability.dll".
Compiled 10 Verilog Units
Built simulation executable E:/Documents/P4/p4/mips_tb_isim_beh.exe
Fuse Memory Usage: 28360 KB
Fuse CPU Usage: 592 ms
