ISim log file
Running: E:\Documents\P4\p4\mips_tb_isim_beh.exe -intstyle ise -gui -tclbatch isim.cmd -wdb E:/Documents/P4/p4/mips_tb_isim_beh.wdb 
ISim P.20131013 (signature 0x7708f090)
----------------------------------------------------------------------
WARNING:Security:42 - Your software subscription period has lapsed. Your current version of Xilinx tools will continue to function, but you no longer qualify for Xilinx software updates or new releases.


----------------------------------------------------------------------
This is a Full version of ISim.
Time resolution is 1 ps
# onerror resume
# wave add /
# run 1000 ns
Simulator is doing circuit initialization process.
Finished circuit initialization process.
@00003000: $ 8 <= 00005678
@00003004: $ 9 <= 12340000
@00003008: $10 <= 12344321
@0000300c: $11 <= 00000002
@00003018: $12 <= 12340002
@0000301c: *00000000 <= 00005678
@00003020: $31 <= 00003024
@00003034: $13 <= 00005676
@00003038: $13 <= 00005678
@00003028: *00000004 <= 12340000
@0000302c: $10 <= 12340000
# restart
# run 1.00us
Simulator is doing circuit initialization process.
Finished circuit initialization process.
@00003000: $ 8 <= 00005678
@00003004: $ 9 <= 12340000
@00003008: $10 <= 12344321
@0000300c: $11 <= 00000002
@00003018: $12 <= 12340002
@0000301c: *00000000 <= 00005678
@00003020: $31 <= 00003024
@00003034: $13 <= 00005676
@00003038: $13 <= 00005678
@00003028: *00000004 <= 12340000
@0000302c: $10 <= 12340000
