ISim log file
Running: E:\Documents\P6\P6\tb1_isim_beh.exe -intstyle ise -gui -tclbatch isim.cmd -wdb E:/Documents/P6/P6/tb1_isim_beh.wdb 
ISim P.20131013 (signature 0x7708f090)
----------------------------------------------------------------------
WARNING:Security:42 - Your software subscription period has lapsed. Your current version of Xilinx tools will continue to function, but you no longer qualify for Xilinx software updates or new releases.


----------------------------------------------------------------------
This is a Full version of ISim.
Time resolution is 1 ps
# onerror resume
# wave add /
# run 1000 ns
Simulator is doing circuit initialization process.
Finished circuit initialization process.
                  45@00003000: $ 1 <= ffff0000
                  55@00003004: $ 1 <= ffffff9c
                  65@00003008: $ 1 <= ffffff9c
                  75@0000300c: $ 2 <= 00640000
                  85@00003010: $ 1 <= 0063ff9c
                  85@00003014: *00000000 <= 0063ff9c
                 105@00003018: $ 2 <= 0063ff9c
                 125@0000301c: $ 3 <= 0063ff9c
                 135@00003020: $ 3 <= 0063ff9c
                 155@00003024: $ 4 <= ff9c0064
                 165@00003028: $ 4 <= ffffff9c
                 185@0000302c: $ 5 <= ffffff9c
                 195@00003030: $ 5 <= 00000063
                 215@00003034: $ 6 <= ffffff9d
                 225@00003038: $ 6 <= ffffff9c
                 245@0000303c: $ 7 <= 0063ff9c
                 255@00003040: $ 7 <= ffffffff
                 275@00003044: $ 8 <= ffffffff
                 285@00003048: $ 8 <= 00000063
                 305@0000304c: $ 9 <= 0063ffff
                 315@00003050: $ 9 <= 00000000
                 335@00003054: $10 <= ff9c0063
                 345@00003058: $11 <= 00000000
                 365@0000305c: $12 <= 00000000
                 375@00003060: $13 <= 0000ff9c
                 395@00003064: $14 <= 00000001
                 405@00003068: $ 1 <= 0000012c
                 415@0000306c: $ 2 <= 00000258
                 425@00003070: $ 3 <= 00000001
                 435@00003074: $ 4 <= 00000000
                 445@00003078: $ 1 <= ffff0000
                 455@0000307c: $ 1 <= ffffffb0
                 465@00003080: $ 5 <= ffffffb0
                 475@00003084: $ 6 <= 00000001
                 485@00003088: $ 1 <= ffff0000
                 495@0000308c: $ 1 <= ffffff9c
                 505@00003090: $ 7 <= ffffff9c
                 515@00003094: $ 8 <= 00000001
                 525@00003098: $ 8 <= 00000001
                 535@0000309c: $ 9 <= ffffff9d
                 545@000030a0: $10 <= 00000000
                 555@000030a4: $11 <= 00000062
                 565@000030a8: $12 <= 00000000
                 575@000030ac: $13 <= fffff380
                 585@000030b0: $14 <= fffff380
                 595@000030b4: $15 <= 07fffffc
                 605@000030b8: $16 <= 07fffffc
                 615@000030bc: $17 <= fffffffd
                 625@000030c0: $18 <= fffffffd
                 635@000030c4: $19 <= 00000007
                 645@000030c8: $20 <= ffffd800
                 655@000030cc: $21 <= ffffd800
                 665@000030d0: $22 <= 01ffffff
                 675@000030d4: $23 <= 01ffffff
                 685@000030d8: $24 <= ffffffff
                 695@000030dc: $25 <= ffffffff
                 705@000030e0: $31 <= 000030e8
                 725@00003108: $31 <= 000030e8
                 735@0000310c: $30 <= 00000000
                 745@00003110: $ 5 <= 00003118
                 765@000030e8: $ 1 <= 00000064
                 775@000030ec: $ 1 <= ffff0000
                 785@000030f0: $ 1 <= ffffff9c
                 795@000030f4: $ 2 <= ffffff9c
                 875@000030fc: $ 3 <= 00002710
                 885@00003100: $ 3 <= 00005828
                 905@00003108: $31 <= 000030e8
                 915@00003118: $ 1 <= ffff0000
                 925@0000311c: $ 1 <= ffffff9c
                 935@00003120: $ 1 <= ffffff9c
                 945@00003124: $ 2 <= 00400000
                 955@00003128: $ 1 <= 003fff9c
                 955@0000312c: *00000000 <= 003fff9c
                 975@00003130: $ 2 <= 003fff9c
                 995@00003134: $ 3 <= 003fffb0
# restart
# run 1000.00us
Simulator is doing circuit initialization process.
Finished circuit initialization process.
                  45@00003000: $ 1 <= ffff0000
                  55@00003004: $ 1 <= ffffff9c
                  65@00003008: $ 1 <= ffffff9c
                  75@0000300c: $ 2 <= 00640000
                  85@00003010: $ 1 <= 0063ff9c
                  85@00003014: *00000000 <= 0063ff9c
                 105@00003018: $ 2 <= 0063ff9c
                 125@0000301c: $ 3 <= 0063ff9c
                 135@00003020: $ 3 <= 0063ff9c
                 155@00003024: $ 4 <= ff9c0064
                 165@00003028: $ 4 <= ffffff9c
                 185@0000302c: $ 5 <= ffffff9c
                 195@00003030: $ 5 <= 00000063
                 215@00003034: $ 6 <= ffffff9d
                 225@00003038: $ 6 <= ffffff9c
                 245@0000303c: $ 7 <= 0063ff9c
                 255@00003040: $ 7 <= ffffffff
                 275@00003044: $ 8 <= ffffffff
                 285@00003048: $ 8 <= 00000063
                 305@0000304c: $ 9 <= 0063ffff
                 315@00003050: $ 9 <= 00000000
                 335@00003054: $10 <= ff9c0063
                 345@00003058: $11 <= 00000000
                 365@0000305c: $12 <= 00000000
                 375@00003060: $13 <= 0000ff9c
                 395@00003064: $14 <= 00000001
                 405@00003068: $ 1 <= 0000012c
                 415@0000306c: $ 2 <= 00000258
                 425@00003070: $ 3 <= 00000001
                 435@00003074: $ 4 <= 00000000
                 445@00003078: $ 1 <= ffff0000
                 455@0000307c: $ 1 <= ffffffb0
                 465@00003080: $ 5 <= ffffffb0
                 475@00003084: $ 6 <= 00000001
                 485@00003088: $ 1 <= ffff0000
                 495@0000308c: $ 1 <= ffffff9c
                 505@00003090: $ 7 <= ffffff9c
                 515@00003094: $ 8 <= 00000001
                 525@00003098: $ 8 <= 00000001
                 535@0000309c: $ 9 <= ffffff9d
                 545@000030a0: $10 <= 00000000
                 555@000030a4: $11 <= 00000062
                 565@000030a8: $12 <= 00000000
                 575@000030ac: $13 <= fffff380
                 585@000030b0: $14 <= fffff380
                 595@000030b4: $15 <= 07fffffc
                 605@000030b8: $16 <= 07fffffc
                 615@000030bc: $17 <= fffffffd
                 625@000030c0: $18 <= fffffffd
                 635@000030c4: $19 <= 00000007
                 645@000030c8: $20 <= ffffd800
                 655@000030cc: $21 <= ffffd800
                 665@000030d0: $22 <= 01ffffff
                 675@000030d4: $23 <= 01ffffff
                 685@000030d8: $24 <= ffffffff
                 695@000030dc: $25 <= ffffffff
                 705@000030e0: $31 <= 000030e8
                 725@00003108: $31 <= 000030e8
                 735@0000310c: $30 <= 00000000
                 745@00003110: $ 5 <= 00003118
                 765@000030e8: $ 1 <= 00000064
                 775@000030ec: $ 1 <= ffff0000
                 785@000030f0: $ 1 <= ffffff9c
                 795@000030f4: $ 2 <= ffffff9c
                 875@000030fc: $ 3 <= 00002710
                 885@00003100: $ 3 <= 00005828
                 905@00003108: $31 <= 000030e8
                 915@00003118: $ 1 <= ffff0000
                 925@0000311c: $ 1 <= ffffff9c
                 935@00003120: $ 1 <= ffffff9c
                 945@00003124: $ 2 <= 00400000
                 955@00003128: $ 1 <= 003fff9c
                 955@0000312c: *00000000 <= 003fff9c
                 975@00003130: $ 2 <= 003fff9c
                 995@00003134: $ 3 <= 003fffb0
                1005@00003138: $ 3 <= ffffff9c
                1025@0000313c: $ 4 <= ffffff88
                1035@00003140: $ 4 <= 0000003f
                1055@00003144: $ 5 <= 000000ff
                1065@00003148: $ 5 <= ffffff9c
                1085@0000314c: $ 6 <= ffffffd6
                1095@00003150: $ 6 <= 0000009c
                1115@00003154: $ 7 <= 00000000
                1125@00003158: $ 7 <= 0000009c
                1145@0000315c: $ 8 <= 00000001
                1155@00003160: $ 8 <= ffffff9c
                1175@00003164: $ 9 <= 00000001
                1185@00003168: $ 9 <= ffffff9c
                1205@0000316c: $10 <= 00000000
                1215@00003170: $ 1 <= ffff0000
                1225@00003174: $ 1 <= ffff03e8
                1235@00003178: $ 2 <= ffff03e8
                1245@0000317c: $ 3 <= 000003e8
                1255@00003180: $ 4 <= 000003e8
                1265@00003184: $ 5 <= 0000f318
                1275@00003188: $ 1 <= ffff0000
                1285@0000318c: $ 1 <= ffffffce
                1295@00003190: $ 6 <= ffffffce
                1305@00003194: $ 7 <= 00000001
                1315@00003198: $ 1 <= ffff0000
                1325@0000319c: $ 1 <= ffffffa6
                1335@000031a0: $ 6 <= ffffffa6
                1345@000031a4: $ 8 <= 00000000
                1355@000031a8: $ 1 <= ffffffa6
                1365@000031ac: $ 1 <= ffffffa6
                1375@000031b0: $ 9 <= 003fff9c
                1395@000031b8: $ 9 <= 00000000
                1405@000031bc: $ 1 <= ffff0000
                1415@000031c0: $ 1 <= ffffff9e
                1425@000031c4: $10 <= ffffff9e
                1435@000031c8: $11 <= ffffcf00
                1445@000031cc: $12 <= ffffcf00
                1455@000031d0: $13 <= 07fffffc
                1465@000031d4: $14 <= 07fffffc
                1475@000031d8: $15 <= fffffff3
                1485@000031dc: $16 <= fffffff3
                1495@000031e0: $17 <= 00000004
                1505@000031e4: $18 <= fffff9e0
                1515@000031e8: $18 <= fffff9e0
                1525@000031ec: $19 <= 0ffffff9
                1535@000031f0: $19 <= 0ffffff9
                1545@000031f4: $20 <= fffffff9
                1555@000031f8: $20 <= fffffff9
                1565@000031fc: $31 <= 00003204
                1585@00003238: $31 <= 00003204
                1605@0000323c: $ 5 <= 00003244
                1625@00003204: $21 <= 00000064
                1635@00003208: $ 1 <= ffff0000
                1645@0000320c: $ 1 <= ffffffe9
                1655@00003210: $22 <= ffffffe9
                1675@00003218: $21 <= 00000065
                1785@0000321c: $23 <= 00000000
                1795@00003220: $ 1 <= 00000001
                1805@00003224: $23 <= ffffffff
                1815@00003228: $24 <= 00000064
                1825@0000322c: $25 <= 00000000
                1855@00003244: $ 1 <= 00000004
                1855@00003248: *00000000 <= 00000004
                1875@0000324c: $ 1 <= 00000064
                1875@00003250: *00000004 <= 00000064
                1895@00003254: $ 2 <= 00000004
                1915@00003258: $ 3 <= 00000064
                1925@0000325c: $ 4 <= 00000004
                1945@00003260: $ 5 <= 00000064
                1955@00003264: $ 6 <= 00000004
                1975@00003268: $ 7 <= 00000064
                1985@0000326c: $ 8 <= 00000004
                2005@00003270: $ 9 <= 00000064
                2015@00003274: $10 <= 00000004
                2035@00003278: $11 <= 00000064
                2045@0000327c: $ 1 <= 00000004
                2055@00003280: $ 2 <= 00000004
                2065@00003284: $ 3 <= 00000064
                2075@00003288: $ 3 <= 00000004
                2085@0000328c: $ 4 <= 00000064
                2095@00003290: $ 5 <= 00000001
                2105@00003294: $ 5 <= 00000004
                2115@00003298: $ 6 <= 00000064
                2125@0000329c: $31 <= 000032a4
                2145@000032c0: $ 5 <= 000032c8
                2165@000032a4: $ 1 <= 00000004
                2175@000032a8: $ 2 <= 00000001
                2255@000032b0: $ 3 <= 00000004
                2265@000032b4: $ 4 <= 00000064
                2295@000032c8: $ 1 <= 00000004
                2295@000032cc: *00000000 <= 00000004
                2315@000032d0: $ 1 <= 00005678
                2325@000032d4: $ 2 <= 12340000
                2335@000032d8: $ 1 <= 12345678
                2335@000032dc: *00000004 <= 12345678
                2355@000032e0: $ 2 <= 00000004
                2365@000032e4: *00000004 <= 12345678
                2385@000032e8: $ 3 <= 00000004
                2395@000032ec: *00000004 <= 12345678
                2415@000032f0: $ 4 <= 00000004
                2425@000032f4: *00000004 <= 56785678
                2445@000032f8: $ 5 <= 00000004
                2455@000032fc: *00000004 <= 56785678
                2475@00003300: $ 6 <= 00000004
                2485@00003304: *00000004 <= 56787878
                2505@00003308: $ 1 <= 12340000
                2515@0000330c: $30 <= 12345678
                2525@00003310: $ 1 <= 00000004
                2535@00003314: $ 2 <= 00000004
                2535@00003318: *00000004 <= 12345678
                2555@0000331c: $30 <= 1234567c
                2555@00003320: *00000000 <= 567c0004
                2575@00003324: $ 1 <= 12340000
                2585@00003328: $30 <= 12345678
                2585@0000332c: *00000004 <= 12345678
                2605@00003330: $ 4 <= 00000005
                2605@00003334: *00000004 <= 12347878
                2625@00003338: $ 5 <= 00000001
                2635@0000333c: $ 5 <= 00000004
                2635@00003340: *00000008 <= 12345678
                2655@00003344: $29 <= 048d159e
                2655@00003348: *0000000c <= 048d159e
                2675@0000334c: $31 <= 00003354
                2685@00003388: *00000000 <= 00003354
                2705@0000338c: $ 5 <= 00003394
                2715@00003354: *00000000 <= 00003394
                2735@00003358: $ 1 <= 00000008
                2745@0000335c: $ 2 <= 00000002
                2875@00003364: $ 3 <= 00000004
                2875@00003368: *00000004 <= 00003354
                2895@0000336c: $ 7 <= 0000001d
                2905@00003370: $ 9 <= 0000001e
                2985@00003378: $ 4 <= 00000000
                2985@0000337c: *00000008 <= 00000000
                3025@00003394: $ 1 <= ffff0000
                3035@00003398: $ 1 <= ffffffce
                3045@0000339c: $ 1 <= ffffffce
                3045@000033a0: *00000000 <= ffffffce
                3065@000033a4: $ 2 <= ffffffce
                3085@000033a8: $ 3 <= fce00000
                3095@000033ac: $ 3 <= ffffffce
                3115@000033b0: $ 4 <= 07fffffe
                3125@000033b4: $ 4 <= ffffffce
                3145@000033b8: $ 5 <= fffffffe
                3155@000033bc: $ 1 <= 00000032
                3155@000033c0: *00000004 <= 00000032
                3175@000033c4: $ 5 <= 00000032
                3195@000033c8: $ 5 <= 00000003
                3205@000033cc: $ 1 <= ffff0000
                3215@000033d0: $ 1 <= ffffffce
                3225@000033d4: $ 1 <= ffffffce
                3235@000033d8: $ 2 <= fffff380
                3245@000033dc: $ 1 <= 00000000
                3255@000033e0: $ 1 <= 0000ffff
                3265@000033e4: $ 1 <= 0001fffe
                3275@000033e8: $ 1 <= 000003ff
                3285@000033ec: $ 1 <= ffff0000
                3295@000033f0: $ 1 <= ffffff80
                3305@000033f4: $ 1 <= 00000048
                3315@000033f8: $ 1 <= 00000900
                3325@000033fc: $ 1 <= 00000901
                3335@00003400: $ 1 <= 80000000
                3345@00003404: $ 1 <= fffff800
                3355@00003408: $ 1 <= 007ffffc
                3365@0000340c: $31 <= 00003414
                3385@00003464: $29 <= 34140000
                3395@00003468: $28 <= 00682800
                3405@0000346c: $27 <= 00003414
                3415@00003470: $ 5 <= 00003478
                3435@00003414: $ 1 <= 0000ffff
                3445@00003418: $ 2 <= ffff0000
                3525@00003420: $ 3 <= ffffffff
                3535@00003424: $ 3 <= fffffff0
                3545@00003428: $ 4 <= 00010000
                3555@0000342c: $ 4 <= 00000200
                3635@00003434: $ 3 <= 0000fffe
                3645@00003438: $ 3 <= 000007ff
                3655@0000343c: $ 4 <= 00010000
                3665@00003440: $ 4 <= 00000400
                3695@0000344c: $ 1 <= 0000ffff
                3705@00003450: $ 1 <= fff00000
                3715@00003454: $ 2 <= ffff0000
                3725@00003458: $ 2 <= ffffffc0
                3755@00003478: $ 1 <= 00000001
                3765@0000347c: $ 2 <= 00000014
                3785@00003484: *00000000 <= 00000001
                3805@00003488: $ 1 <= 00000002
                3835@00003484: *00000000 <= 00000002
                3855@00003488: $ 1 <= 00000003
                3885@00003484: *00000000 <= 00000003
                3905@00003488: $ 1 <= 00000004
                3935@00003484: *00000000 <= 00000004
                3955@00003488: $ 1 <= 00000005
                3985@00003484: *00000000 <= 00000005
                4005@00003488: $ 1 <= 00000006
                4035@00003484: *00000000 <= 00000006
                4055@00003488: $ 1 <= 00000007
                4085@00003484: *00000000 <= 00000007
                4105@00003488: $ 1 <= 00000008
                4135@00003484: *00000000 <= 00000008
                4155@00003488: $ 1 <= 00000009
                4185@00003484: *00000000 <= 00000009
                4205@00003488: $ 1 <= 0000000a
                4235@00003484: *00000000 <= 0000000a
                4255@00003488: $ 1 <= 0000000b
                4285@00003484: *00000000 <= 0000000b
                4305@00003488: $ 1 <= 0000000c
                4335@00003484: *00000000 <= 0000000c
                4355@00003488: $ 1 <= 0000000d
                4385@00003484: *00000000 <= 0000000d
                4405@00003488: $ 1 <= 0000000e
                4435@00003484: *00000000 <= 0000000e
                4455@00003488: $ 1 <= 0000000f
                4485@00003484: *00000000 <= 0000000f
                4505@00003488: $ 1 <= 00000010
                4535@00003484: *00000000 <= 00000010
                4555@00003488: $ 1 <= 00000011
                4585@00003484: *00000000 <= 00000011
                4605@00003488: $ 1 <= 00000012
                4635@00003484: *00000000 <= 00000012
                4655@00003488: $ 1 <= 00000013
                4685@00003484: *00000000 <= 00000013
                4705@00003488: $ 1 <= 00000014
                4735@00003484: *00000000 <= 00000014
                4755@00003494: $ 1 <= 00000003
                4765@00003498: $ 2 <= 00000003
                4785@000034a0: *00000004 <= 03000032
                4805@000034a4: $ 1 <= 00000004
                4885@000034ac: $ 2 <= 00000009
                4915@000034a0: *0000000c <= 048d099e
                4935@000034b8: $ 2 <= 0000000a
                4945@000034bc: $ 3 <= 0000000a
                4965@000034c4: *00000000 <= 0000000a
                4985@000034c8: $ 2 <= 00000009
                4995@000034cc: $ 3 <= 00000009
                5025@000034c4: *00000000 <= 00000009
                5045@000034c8: $ 2 <= 00000008
                5055@000034cc: $ 3 <= 00000008
                5085@000034c4: *00000000 <= 00000008
                5105@000034c8: $ 2 <= 00000007
                5115@000034cc: $ 3 <= 00000007
                5145@000034c4: *00000000 <= 00000007
                5165@000034c8: $ 2 <= 00000006
                5175@000034cc: $ 3 <= 00000006
                5205@000034c4: *00000000 <= 00000006
                5225@000034c8: $ 2 <= 00000005
                5235@000034cc: $ 3 <= 00000005
                5265@000034c4: *00000000 <= 00000005
                5285@000034c8: $ 2 <= 00000004
                5295@000034cc: $ 3 <= 00000004
                5325@000034c4: *00000000 <= 00000004
                5345@000034c8: $ 2 <= 00000003
                5355@000034cc: $ 3 <= 00000003
                5385@000034c4: *00000000 <= 00000003
                5405@000034c8: $ 2 <= 00000002
                5415@000034cc: $ 3 <= 00000002
                5445@000034c4: *00000000 <= 00000002
                5465@000034c8: $ 2 <= 00000001
                5475@000034cc: $ 3 <= 00000001
                5505@000034c4: *00000000 <= 00000001
                5525@000034c8: $ 2 <= 00000000
                5535@000034cc: $ 3 <= 00000000
                5565@000034c4: *00000000 <= 00000000
                5585@000034d8: $ 2 <= 0000000b
                5595@000034dc: $ 3 <= fffffff5
                5615@000034e4: *00000008 <= fffffff5
                5635@000034e8: $ 2 <= 0000000a
                5645@000034ec: $ 3 <= fffffff6
                5675@000034e4: *00000008 <= fffffff6
                5695@000034e8: $ 2 <= 00000009
                5705@000034ec: $ 3 <= fffffff7
                5735@000034e4: *00000008 <= fffffff7
                5755@000034e8: $ 2 <= 00000008
                5765@000034ec: $ 3 <= fffffff8
                5795@000034e4: *00000008 <= fffffff8
                5815@000034e8: $ 2 <= 00000007
                5825@000034ec: $ 3 <= fffffff9
                5855@000034e4: *00000008 <= fffffff9
                5875@000034e8: $ 2 <= 00000006
                5885@000034ec: $ 3 <= fffffffa
                5915@000034e4: *00000008 <= fffffffa
                5935@000034e8: $ 2 <= 00000005
                5945@000034ec: $ 3 <= fffffffb
                5975@000034e4: *00000008 <= fffffffb
                5995@000034e8: $ 2 <= 00000004
                6005@000034ec: $ 3 <= fffffffc
                6035@000034e4: *00000008 <= fffffffc
                6055@000034e8: $ 2 <= 00000003
                6065@000034ec: $ 3 <= fffffffd
                6095@000034e4: *00000008 <= fffffffd
                6115@000034e8: $ 2 <= 00000002
                6125@000034ec: $ 3 <= fffffffe
                6155@000034e4: *00000008 <= fffffffe
                6175@000034e8: $ 2 <= 00000001
                6185@000034ec: $ 3 <= ffffffff
                6215@000034e4: *00000008 <= ffffffff
                6235@000034e8: $ 2 <= 00000000
                6245@000034ec: $ 3 <= 00000000
                6275@000034e4: *00000008 <= 00000000
                6295@000034e8: $ 2 <= ffffffff
                6305@000034ec: $ 3 <= 00000001
                6335@000034e4: *00000008 <= 00000001
                6355@000034f8: $ 2 <= 0000000a
                6365@000034fc: $ 3 <= 0000000a
                6385@00003504: *0000000c <= 0000000a
                6405@00003508: $ 2 <= 00000009
                6415@0000350c: $ 3 <= 00000009
                6445@00003504: *0000000c <= 00000009
                6465@00003508: $ 2 <= 00000008
                6475@0000350c: $ 3 <= 00000008
                6505@00003504: *0000000c <= 00000008
                6525@00003508: $ 2 <= 00000007
                6535@0000350c: $ 3 <= 00000007
                6565@00003504: *0000000c <= 00000007
                6585@00003508: $ 2 <= 00000006
                6595@0000350c: $ 3 <= 00000006
                6625@00003504: *0000000c <= 00000006
                6645@00003508: $ 2 <= 00000005
                6655@0000350c: $ 3 <= 00000005
                6685@00003504: *0000000c <= 00000005
                6705@00003508: $ 2 <= 00000004
                6715@0000350c: $ 3 <= 00000004
                6745@00003504: *0000000c <= 00000004
                6765@00003508: $ 2 <= 00000003
                6775@0000350c: $ 3 <= 00000003
                6805@00003504: *0000000c <= 00000003
                6825@00003508: $ 2 <= 00000002
                6835@0000350c: $ 3 <= 00000002
                6865@00003504: *0000000c <= 00000002
                6885@00003508: $ 2 <= 00000001
                6895@0000350c: $ 3 <= 00000001
                6925@00003504: *0000000c <= 00000001
                6945@00003508: $ 2 <= 00000000
                6955@0000350c: $ 3 <= 00000000
                6985@00003504: *0000000c <= 00000000
                7005@00003508: $ 2 <= ffffffff
                7015@0000350c: $ 3 <= ffffffff
                7045@00003504: *0000000c <= ffffffff
                7065@00003518: $ 2 <= 0000000b
                7075@0000351c: $ 3 <= fffffff5
                7095@00003524: *00000000 <= fffffff5
                7115@00003528: $ 2 <= 0000000c
                7125@0000352c: $ 3 <= 0000000c
                7155@00003524: *00000000 <= 0000000c
                7175@00003538: $ 2 <= 0000000b
                7185@0000353c: $ 3 <= fffffff5
                7205@00003544: $ 1 <= ffff0000
                7215@00003548: $ 1 <= ffffff9c
                7225@0000354c: $ 2 <= ffffff9c
                7235@00003550: $ 3 <= 007b0000
                7315@00003558: $ 4 <= ffffffff
                7325@0000355c: $ 5 <= cff40000
                7405@00003564: $ 4 <= 007affff
                7415@00003568: $ 5 <= cff40000
                7545@00003570: $ 4 <= ffffff9c
                7555@00003574: $ 5 <= 00000000
                7685@0000357c: $ 4 <= 0063ff9c
                7695@00003580: $ 5 <= 00000214
                7705@00003584: $ 4 <= 0063ff9d
                7725@0000358c: $ 5 <= 0063ff9d
                7735@00003590: $ 1 <= 00001234
                7735@00003594: *00000000 <= 00001234
                7755@00003598: $ 2 <= 00001234
                7785@000035a0: $ 3 <= 00001234
