Release 14.7 - xst P.20131013 (nt64)
Copyright (c) 1995-2013 Xilinx, Inc.  All rights reserved.
--> Parameter TMPDIR set to xst/projnav.tmp


Total REAL time to Xst completion: 0.00 secs
Total CPU time to Xst completion: 0.10 secs
 
--> Parameter xsthdpdir set to xst


Total REAL time to Xst completion: 0.00 secs
Total CPU time to Xst completion: 0.10 secs
 
--> Reading design: gray.prj

TABLE OF CONTENTS
  1) Synthesis Options Summary
  2) HDL Parsing
  3) HDL Elaboration
  4) HDL Synthesis
       4.1) HDL Synthesis Report
  5) Advanced HDL Synthesis
       5.1) Advanced HDL Synthesis Report
  6) Low Level Synthesis
  7) Partition Report
  8) Design Summary
       8.1) Primitive and Black Box Usage
       8.2) Device utilization summary
       8.3) Partition Resource Summary
       8.4) Timing Report
            8.4.1) Clock Information
            8.4.2) Asynchronous Control Signals Information
            8.4.3) Timing Summary
            8.4.4) Timing Details
            8.4.5) Cross Clock Domains Report


=========================================================================
*                      Synthesis Options Summary                        *
=========================================================================
---- Source Parameters
Input File Name                    : "gray.prj"
Ignore Synthesis Constraint File   : NO

---- Target Parameters
Output File Name                   : "gray"
Output Format                      : NGC
Target Device                      : xc6slx150-2-fgg484

---- Source Options
Top Module Name                    : gray
Automatic FSM Extraction           : YES
FSM Encoding Algorithm             : Auto
Safe Implementation                : No
FSM Style                          : LUT
RAM Extraction                     : Yes
RAM Style                          : Auto
ROM Extraction                     : Yes
Shift Register Extraction          : YES
ROM Style                          : Auto
Resource Sharing                   : YES
Asynchronous To Synchronous        : NO
Shift Register Minimum Size        : 2
Use DSP Block                      : Auto
Automatic Register Balancing       : No

---- Target Options
LUT Combining                      : Auto
Reduce Control Sets                : Auto
Add IO Buffers                     : YES
Global Maximum Fanout              : 100000
Add Generic Clock Buffer(BUFG)     : 16
Register Duplication               : YES
Optimize Instantiated Primitives   : NO
Use Clock Enable                   : Auto
Use Synchronous Set                : Auto
Use Synchronous Reset              : Auto
Pack IO Registers into IOBs        : Auto
Equivalent register Removal        : YES

---- General Options
Optimization Goal                  : Speed
Optimization Effort                : 1
Power Reduction                    : NO
Keep Hierarchy                     : No
Netlist Hierarchy                  : As_Optimized
RTL Output                         : Yes
Global Optimization                : AllClockNets
Read Cores                         : YES
Write Timing Constraints           : NO
Cross Clock Analysis               : NO
Hierarchy Separator                : /
Bus Delimiter                      : <>
Case Specifier                     : Maintain
Slice Utilization Ratio            : 100
BRAM Utilization Ratio             : 100
DSP48 Utilization Ratio            : 100
Auto BRAM Packing                  : NO
Slice Utilization Ratio Delta      : 5

=========================================================================


=========================================================================
*                          HDL Parsing                                  *
=========================================================================
Analyzing Verilog file "E:\Documents\ISE\P14\gray.v" into library work
Parsing module <gray>.

=========================================================================
*                            HDL Elaboration                            *
=========================================================================

Elaborating module <gray>.
WARNING:HDLCompiler:413 - "E:\Documents\ISE\P14\gray.v" Line 50: Result of 4-bit expression is truncated to fit in 3-bit target.

=========================================================================
*                           HDL Synthesis                               *
=========================================================================

Synthesizing Unit <gray>.
    Related source file is "E:\Documents\ISE\P14\gray.v".
    Found 1-bit register for signal <Overflow>.
    Found 3-bit register for signal <Output>.
    Found 3-bit register for signal <Output1>.
    Found 3-bit adder for signal <Output1[2]_GND_1_o_add_2_OUT> created at line 50.
    Found 8x3-bit Read Only RAM for signal <Output1[2]_PWR_1_o_wide_mux_6_OUT>
    Summary:
	inferred   1 RAM(s).
	inferred   1 Adder/Subtractor(s).
	inferred   7 D-type flip-flop(s).
	inferred   3 Multiplexer(s).
Unit <gray> synthesized.

=========================================================================
HDL Synthesis Report

Macro Statistics
# RAMs                                                 : 1
 8x3-bit single-port Read Only RAM                     : 1
# Adders/Subtractors                                   : 1
 3-bit adder                                           : 1
# Registers                                            : 3
 1-bit register                                        : 1
 3-bit register                                        : 2
# Multiplexers                                         : 3
 3-bit 2-to-1 multiplexer                              : 3

=========================================================================

=========================================================================
*                       Advanced HDL Synthesis                          *
=========================================================================


Synthesizing (advanced) Unit <gray>.
INFO:Xst:3231 - The small RAM <Mram_Output1[2]_PWR_1_o_wide_mux_6_OUT> will be implemented on LUTs in order to maximize performance and save block RAM resources. If you want to force its implementation on block, use option/constraint ram_style.
    -----------------------------------------------------------------------
    | ram_type           | Distributed                         |          |
    -----------------------------------------------------------------------
    | Port A                                                              |
    |     aspect ratio   | 8-word x 3-bit                      |          |
    |     weA            | connected to signal <GND>           | high     |
    |     addrA          | connected to signal <Output1[2]_GND_1_o_mux_5_OUT> |          |
    |     diA            | connected to signal <GND>           |          |
    |     doA            | connected to internal node          |          |
    -----------------------------------------------------------------------
Unit <gray> synthesized (advanced).

=========================================================================
Advanced HDL Synthesis Report

Macro Statistics
# RAMs                                                 : 1
 8x3-bit single-port distributed Read Only RAM         : 1
# Adders/Subtractors                                   : 1
 3-bit adder                                           : 1
# Registers                                            : 7
 Flip-Flops                                            : 7
# Multiplexers                                         : 3
 3-bit 2-to-1 multiplexer                              : 3

=========================================================================

=========================================================================
*                         Low Level Synthesis                           *
=========================================================================
INFO:Xst:2261 - The FF/Latch <Output1_2> in Unit <gray> is equivalent to the following FF/Latch, which will be removed : <Output_2> 

Optimizing unit <gray> ...

Mapping all equations...
Building and optimizing final netlist ...
Found area constraint ratio of 100 (+ 5) on block gray, actual ratio is 0.

Final Macro Processing ...

=========================================================================
Final Register Report

Macro Statistics
# Registers                                            : 6
 Flip-Flops                                            : 6

=========================================================================

=========================================================================
*                           Partition Report                            *
=========================================================================

Partition Implementation Status
-------------------------------

  No Partitions were found in this design.

-------------------------------

=========================================================================
*                            Design Summary                             *
=========================================================================

Top Level Output File Name         : gray.ngc

Primitive and Black Box Usage:
------------------------------
# BELS                             : 6
#      LUT3                        : 1
#      LUT4                        : 2
#      LUT5                        : 3
# FlipFlops/Latches                : 6
#      FD                          : 5
#      FDR                         : 1
# Clock Buffers                    : 1
#      BUFGP                       : 1
# IO Buffers                       : 6
#      IBUF                        : 2
#      OBUF                        : 4

Device utilization summary:
---------------------------

Selected Device : 6slx150fgg484-2 


Slice Logic Utilization: 
 Number of Slice Registers:               6  out of  184304     0%  
 Number of Slice LUTs:                    6  out of  92152     0%  
    Number used as Logic:                 6  out of  92152     0%  

Slice Logic Distribution: 
 Number of LUT Flip Flop pairs used:     12
   Number with an unused Flip Flop:       6  out of     12    50%  
   Number with an unused LUT:             6  out of     12    50%  
   Number of fully used LUT-FF pairs:     0  out of     12     0%  
   Number of unique control sets:         2

IO Utilization: 
 Number of IOs:                           7
 Number of bonded IOBs:                   7  out of    338     2%  

Specific Feature Utilization:
 Number of BUFG/BUFGCTRLs:                1  out of     16     6%  

---------------------------
Partition Resource Summary:
---------------------------

  No Partitions were found in this design.

---------------------------


=========================================================================
Timing Report

NOTE: THESE TIMING NUMBERS ARE ONLY A SYNTHESIS ESTIMATE.
      FOR ACCURATE TIMING INFORMATION PLEASE REFER TO THE TRACE REPORT
      GENERATED AFTER PLACE-and-ROUTE.

Clock Information:
------------------
-----------------------------------+------------------------+-------+
Clock Signal                       | Clock buffer(FF name)  | Load  |
-----------------------------------+------------------------+-------+
Clk                                | BUFGP                  | 6     |
-----------------------------------+------------------------+-------+

Asynchronous Control Signals Information:
----------------------------------------
No asynchronous control signals found in this design

Timing Summary:
---------------
Speed Grade: -2

   Minimum period: 1.866ns (Maximum Frequency: 535.906MHz)
   Minimum input arrival time before clock: 2.962ns
   Maximum output required time after clock: 4.240ns
   Maximum combinational path delay: No path found

Timing Details:
---------------
All values displayed in nanoseconds (ns)

=========================================================================
Timing constraint: Default period analysis for Clock 'Clk'
  Clock period: 1.866ns (frequency: 535.906MHz)
  Total number of paths / destination ports: 15 / 6
-------------------------------------------------------------------------
Delay:               1.866ns (Levels of Logic = 1)
  Source:            Output1_2 (FF)
  Destination:       Output1_2 (FF)
  Source Clock:      Clk rising
  Destination Clock: Clk rising

  Data Path: Output1_2 to Output1_2
                                Gate     Net
    Cell:in->out      fanout   Delay   Delay  Logical Name (Net Name)
    ----------------------------------------  ------------
     FD:C->Q               4   0.525   1.032  Output1_2 (Output1_2)
     LUT5:I2->O            1   0.235   0.000  Mram_Output1[2]_PWR_1_o_wide_mux_6_OUT211 (Mram_Output1[2]_PWR_1_o_wide_mux_6_OUT2)
     FD:D                      0.074          Output1_2
    ----------------------------------------
    Total                      1.866ns (0.834ns logic, 1.032ns route)
                                       (44.7% logic, 55.3% route)

=========================================================================
Timing constraint: Default OFFSET IN BEFORE for Clock 'Clk'
  Total number of paths / destination ports: 12 / 7
-------------------------------------------------------------------------
Offset:              2.962ns (Levels of Logic = 2)
  Source:            En (PAD)
  Destination:       Output1_2 (FF)
  Destination Clock: Clk rising

  Data Path: En to Output1_2
                                Gate     Net
    Cell:in->out      fanout   Delay   Delay  Logical Name (Net Name)
    ----------------------------------------  ------------
     IBUF:I->O             6   1.328   1.306  En_IBUF (En_IBUF)
     LUT5:I0->O            1   0.254   0.000  Mram_Output1[2]_PWR_1_o_wide_mux_6_OUT211 (Mram_Output1[2]_PWR_1_o_wide_mux_6_OUT2)
     FD:D                      0.074          Output1_2
    ----------------------------------------
    Total                      2.962ns (1.656ns logic, 1.306ns route)
                                       (55.9% logic, 44.1% route)

=========================================================================
Timing constraint: Default OFFSET OUT AFTER for Clock 'Clk'
  Total number of paths / destination ports: 4 / 4
-------------------------------------------------------------------------
Offset:              4.240ns (Levels of Logic = 1)
  Source:            Output1_2 (FF)
  Destination:       Output<2> (PAD)
  Source Clock:      Clk rising

  Data Path: Output1_2 to Output<2>
                                Gate     Net
    Cell:in->out      fanout   Delay   Delay  Logical Name (Net Name)
    ----------------------------------------  ------------
     FD:C->Q               4   0.525   0.803  Output1_2 (Output1_2)
     OBUF:I->O                 2.912          Output_2_OBUF (Output<2>)
    ----------------------------------------
    Total                      4.240ns (3.437ns logic, 0.803ns route)
                                       (81.1% logic, 18.9% route)

=========================================================================

Cross Clock Domains Report:
--------------------------

Clock to Setup on destination clock Clk
---------------+---------+---------+---------+---------+
               | Src:Rise| Src:Fall| Src:Rise| Src:Fall|
Source Clock   |Dest:Rise|Dest:Rise|Dest:Fall|Dest:Fall|
---------------+---------+---------+---------+---------+
Clk            |    1.866|         |         |         |
---------------+---------+---------+---------+---------+

=========================================================================


Total REAL time to Xst completion: 5.00 secs
Total CPU time to Xst completion: 4.69 secs
 
--> 

Total memory usage is 4523072 kilobytes

Number of errors   :    0 (   0 filtered)
Number of warnings :    1 (   0 filtered)
Number of infos    :    2 (   0 filtered)

